<?xml version="1.0" encoding="UTF-8"?>
<!-- Generated by org.testng.reporters.JUnitReportReporter -->
<testsuite hostname="Santosh" failures="0" tests="1" name="samplePrograms.LaunchBrowser" time="10.096" errors="0" timestamp="2023-04-04T18:59:18 IST" skipped="0">
  <testcase classname="samplePrograms.LaunchBrowser" name="LaunchBrowser" time="10.096"/>
  <system-out/>
</testsuite> <!-- samplePrograms.LaunchBrowser -->
